2019-04-19 00:23:09.812  INFO 31020 --- [main] o.v.d.r.e.test.EmployeeControllerTest    : Starting EmployeeControllerTest on misra12-PC with PID 31020 (started by Vivek in C:\researchandstudy\interviewmaterials\employeedemoREST)
2019-04-19 00:23:09.814  INFO 31020 --- [main] o.v.d.r.e.test.EmployeeControllerTest    : The following profiles are active: test
2019-04-19 00:23:10.932  INFO 31020 --- [main] .s.d.r.c.RepositoryConfigurationDelegate : Bootstrapping Spring Data repositories in DEFAULT mode.
2019-04-19 00:23:11.021  INFO 31020 --- [main] .s.d.r.c.RepositoryConfigurationDelegate : Finished Spring Data repository scanning in 78ms. Found 1 repository interfaces.
2019-04-19 00:23:11.557  INFO 31020 --- [main] trationDelegate$BeanPostProcessorChecker : Bean 'org.springframework.transaction.annotation.ProxyTransactionManagementConfiguration' of type [org.springframework.transaction.annotation.ProxyTransactionManagementConfiguration$$EnhancerBySpringCGLIB$$a66e299e] is not eligible for getting processed by all BeanPostProcessors (for example: not eligible for auto-proxying)
2019-04-19 00:23:11.598  INFO 31020 --- [main] trationDelegate$BeanPostProcessorChecker : Bean 'org.springframework.hateoas.config.HateoasConfiguration' of type [org.springframework.hateoas.config.HateoasConfiguration$$EnhancerBySpringCGLIB$$25ee76d0] is not eligible for getting processed by all BeanPostProcessors (for example: not eligible for auto-proxying)
2019-04-19 00:23:11.858  INFO 31020 --- [main] com.zaxxer.hikari.HikariDataSource       : HikariPool-1 - Starting...
2019-04-19 00:23:12.176  INFO 31020 --- [main] com.zaxxer.hikari.HikariDataSource       : HikariPool-1 - Start completed.
2019-04-19 00:23:12.286  INFO 31020 --- [main] o.hibernate.jpa.internal.util.LogHelper  : HHH000204: Processing PersistenceUnitInfo [
	name: default
	...]
2019-04-19 00:23:12.369  INFO 31020 --- [main] org.hibernate.Version                    : HHH000412: Hibernate Core {5.3.9.Final}
2019-04-19 00:23:12.371  INFO 31020 --- [main] org.hibernate.cfg.Environment            : HHH000206: hibernate.properties not found
2019-04-19 00:23:12.545  INFO 31020 --- [main] o.hibernate.annotations.common.Version   : HCANN000001: Hibernate Commons Annotations {5.0.4.Final}
2019-04-19 00:23:12.918  INFO 31020 --- [main] org.hibernate.dialect.Dialect            : HHH000400: Using dialect: org.hibernate.dialect.H2Dialect
2019-04-19 00:23:13.725  INFO 31020 --- [main] o.h.t.schema.internal.SchemaCreatorImpl  : HHH000476: Executing import script 'org.hibernate.tool.schema.internal.exec.ScriptSourceInputNonExistentImpl@71b97eeb'
2019-04-19 00:23:13.728  INFO 31020 --- [main] j.LocalContainerEntityManagerFactoryBean : Initialized JPA EntityManagerFactory for persistence unit 'default'
2019-04-19 00:23:15.251  INFO 31020 --- [main] o.s.s.concurrent.ThreadPoolTaskExecutor  : Initializing ExecutorService 'applicationTaskExecutor'
2019-04-19 00:23:15.339  WARN 31020 --- [main] aWebConfiguration$JpaWebMvcConfiguration : spring.jpa.open-in-view is enabled by default. Therefore, database queries may be performed during view rendering. Explicitly configure spring.jpa.open-in-view to disable this warning
2019-04-19 00:23:16.044  INFO 31020 --- [main] o.v.d.r.e.test.EmployeeControllerTest    : Started EmployeeControllerTest in 6.709 seconds (JVM running for 8.073)
2019-04-19 00:23:16.342  INFO 31020 --- [main] o.s.b.t.m.w.SpringBootMockServletContext : Initializing Spring TestDispatcherServlet ''
2019-04-19 00:23:16.342  INFO 31020 --- [main] o.s.t.web.servlet.TestDispatcherServlet  : Initializing Servlet ''
2019-04-19 00:23:16.372  INFO 31020 --- [main] o.s.t.web.servlet.TestDispatcherServlet  : Completed initialization in 29 ms
2019-04-19 00:23:16.663  INFO 31020 --- [main] o.s.b.t.m.w.SpringBootMockServletContext : Initializing Spring TestDispatcherServlet ''
2019-04-19 00:23:16.663  INFO 31020 --- [main] o.s.t.web.servlet.TestDispatcherServlet  : Initializing Servlet ''
2019-04-19 00:23:16.666  INFO 31020 --- [main] o.s.t.web.servlet.TestDispatcherServlet  : Completed initialization in 3 ms
2019-04-19 00:23:16.755  INFO 31020 --- [Thread-4] o.s.s.concurrent.ThreadPoolTaskExecutor  : Shutting down ExecutorService 'applicationTaskExecutor'
2019-04-19 00:23:16.757  INFO 31020 --- [Thread-4] j.LocalContainerEntityManagerFactoryBean : Closing JPA EntityManagerFactory for persistence unit 'default'
2019-04-19 00:23:16.758  INFO 31020 --- [Thread-4] .SchemaDropperImpl$DelayedDropActionImpl : HHH000477: Starting delayed evictData of schema as part of SessionFactory shut-down'
2019-04-19 00:23:16.771  INFO 31020 --- [Thread-4] o.s.b.f.support.DisposableBeanAdapter    : Invocation of destroy method failed on bean with name 'inMemoryDatabaseShutdownExecutor': org.h2.jdbc.JdbcSQLNonTransientConnectionException: Database is already closed (to disable automatic closing at VM shutdown, add ";DB_CLOSE_ON_EXIT=FALSE" to the db URL) [90121-199]
2019-04-19 00:23:16.772  INFO 31020 --- [Thread-4] com.zaxxer.hikari.HikariDataSource       : HikariPool-1 - Shutdown initiated...
2019-04-19 00:23:16.798  INFO 31020 --- [Thread-4] com.zaxxer.hikari.HikariDataSource       : HikariPool-1 - Shutdown completed.
2019-04-19 00:24:39.928  INFO 34104 --- [main] o.v.d.r.e.test.EmployeeControllerTest    : Starting EmployeeControllerTest on misra12-PC with PID 34104 (started by Vivek in C:\researchandstudy\interviewmaterials\employeedemoREST)
2019-04-19 00:24:39.931  INFO 34104 --- [main] o.v.d.r.e.test.EmployeeControllerTest    : The following profiles are active: test
2019-04-19 00:24:41.106  INFO 34104 --- [main] .s.d.r.c.RepositoryConfigurationDelegate : Bootstrapping Spring Data repositories in DEFAULT mode.
2019-04-19 00:24:41.191  INFO 34104 --- [main] .s.d.r.c.RepositoryConfigurationDelegate : Finished Spring Data repository scanning in 73ms. Found 1 repository interfaces.
2019-04-19 00:24:41.743  INFO 34104 --- [main] trationDelegate$BeanPostProcessorChecker : Bean 'org.springframework.transaction.annotation.ProxyTransactionManagementConfiguration' of type [org.springframework.transaction.annotation.ProxyTransactionManagementConfiguration$$EnhancerBySpringCGLIB$$c762b2f1] is not eligible for getting processed by all BeanPostProcessors (for example: not eligible for auto-proxying)
2019-04-19 00:24:41.786  INFO 34104 --- [main] trationDelegate$BeanPostProcessorChecker : Bean 'org.springframework.hateoas.config.HateoasConfiguration' of type [org.springframework.hateoas.config.HateoasConfiguration$$EnhancerBySpringCGLIB$$46e30023] is not eligible for getting processed by all BeanPostProcessors (for example: not eligible for auto-proxying)
2019-04-19 00:24:42.029  INFO 34104 --- [main] com.zaxxer.hikari.HikariDataSource       : HikariPool-1 - Starting...
2019-04-19 00:24:42.334  INFO 34104 --- [main] com.zaxxer.hikari.HikariDataSource       : HikariPool-1 - Start completed.
2019-04-19 00:24:42.423  INFO 34104 --- [main] o.hibernate.jpa.internal.util.LogHelper  : HHH000204: Processing PersistenceUnitInfo [
	name: default
	...]
2019-04-19 00:24:42.508  INFO 34104 --- [main] org.hibernate.Version                    : HHH000412: Hibernate Core {5.3.9.Final}
2019-04-19 00:24:42.510  INFO 34104 --- [main] org.hibernate.cfg.Environment            : HHH000206: hibernate.properties not found
2019-04-19 00:24:42.684  INFO 34104 --- [main] o.hibernate.annotations.common.Version   : HCANN000001: Hibernate Commons Annotations {5.0.4.Final}
2019-04-19 00:24:43.057  INFO 34104 --- [main] org.hibernate.dialect.Dialect            : HHH000400: Using dialect: org.hibernate.dialect.H2Dialect
2019-04-19 00:24:43.883  INFO 34104 --- [main] o.h.t.schema.internal.SchemaCreatorImpl  : HHH000476: Executing import script 'org.hibernate.tool.schema.internal.exec.ScriptSourceInputNonExistentImpl@7f2b39a'
2019-04-19 00:24:43.887  INFO 34104 --- [main] j.LocalContainerEntityManagerFactoryBean : Initialized JPA EntityManagerFactory for persistence unit 'default'
2019-04-19 00:24:45.380  INFO 34104 --- [main] o.s.s.concurrent.ThreadPoolTaskExecutor  : Initializing ExecutorService 'applicationTaskExecutor'
2019-04-19 00:24:45.458  WARN 34104 --- [main] aWebConfiguration$JpaWebMvcConfiguration : spring.jpa.open-in-view is enabled by default. Therefore, database queries may be performed during view rendering. Explicitly configure spring.jpa.open-in-view to disable this warning
2019-04-19 00:24:46.111  INFO 34104 --- [main] o.v.d.r.e.test.EmployeeControllerTest    : Started EmployeeControllerTest in 6.674 seconds (JVM running for 7.511)
2019-04-19 00:24:46.381  INFO 34104 --- [main] o.s.b.t.m.w.SpringBootMockServletContext : Initializing Spring TestDispatcherServlet ''
2019-04-19 00:24:46.381  INFO 34104 --- [main] o.s.t.web.servlet.TestDispatcherServlet  : Initializing Servlet ''
2019-04-19 00:24:46.400  INFO 34104 --- [main] o.s.t.web.servlet.TestDispatcherServlet  : Completed initialization in 19 ms
2019-04-19 00:24:46.761  INFO 34104 --- [main] o.s.b.t.m.w.SpringBootMockServletContext : Initializing Spring TestDispatcherServlet ''
2019-04-19 00:24:46.762  INFO 34104 --- [main] o.s.t.web.servlet.TestDispatcherServlet  : Initializing Servlet ''
2019-04-19 00:24:46.766  INFO 34104 --- [main] o.s.t.web.servlet.TestDispatcherServlet  : Completed initialization in 4 ms
2019-04-19 00:24:46.806  INFO 34104 --- [Thread-4] o.s.s.concurrent.ThreadPoolTaskExecutor  : Shutting down ExecutorService 'applicationTaskExecutor'
2019-04-19 00:24:46.808  INFO 34104 --- [Thread-4] j.LocalContainerEntityManagerFactoryBean : Closing JPA EntityManagerFactory for persistence unit 'default'
2019-04-19 00:24:46.808  INFO 34104 --- [Thread-4] .SchemaDropperImpl$DelayedDropActionImpl : HHH000477: Starting delayed evictData of schema as part of SessionFactory shut-down'
2019-04-19 00:24:46.809  WARN 34104 --- [Thread-4] o.h.engine.jdbc.spi.SqlExceptionHelper   : SQL Error: 90121, SQLState: 90121
2019-04-19 00:24:46.810 ERROR 34104 --- [Thread-4] o.h.engine.jdbc.spi.SqlExceptionHelper   : Database is already closed (to disable automatic closing at VM shutdown, add ";DB_CLOSE_ON_EXIT=FALSE" to the db URL) [90121-199]
2019-04-19 00:24:46.811  WARN 34104 --- [Thread-4] o.h.engine.jdbc.spi.SqlExceptionHelper   : SQL Error: 90121, SQLState: 90121
2019-04-19 00:24:46.811 ERROR 34104 --- [Thread-4] o.h.engine.jdbc.spi.SqlExceptionHelper   : Database is already closed (to disable automatic closing at VM shutdown, add ";DB_CLOSE_ON_EXIT=FALSE" to the db URL) [90121-199]
2019-04-19 00:24:46.811  INFO 34104 --- [Thread-4] o.s.b.f.support.DisposableBeanAdapter    : Invocation of destroy method failed on bean with name 'entityManagerFactory': org.hibernate.exception.JDBCConnectionException: Unable to release JDBC Connection used for DDL execution
2019-04-19 00:24:46.813  INFO 34104 --- [Thread-4] o.s.b.f.support.DisposableBeanAdapter    : Invocation of destroy method failed on bean with name 'inMemoryDatabaseShutdownExecutor': org.h2.jdbc.JdbcSQLNonTransientConnectionException: Database is already closed (to disable automatic closing at VM shutdown, add ";DB_CLOSE_ON_EXIT=FALSE" to the db URL) [90121-199]
2019-04-19 00:24:46.813  INFO 34104 --- [Thread-4] com.zaxxer.hikari.HikariDataSource       : HikariPool-1 - Shutdown initiated...
2019-04-19 00:24:46.816  INFO 34104 --- [Thread-4] com.zaxxer.hikari.HikariDataSource       : HikariPool-1 - Shutdown completed.
2019-04-19 00:25:28.861  INFO 34800 --- [main] o.v.d.r.e.test.EmployeeControllerTest    : Starting EmployeeControllerTest on misra12-PC with PID 34800 (started by Vivek in C:\researchandstudy\interviewmaterials\employeedemoREST)
2019-04-19 00:25:28.862  INFO 34800 --- [main] o.v.d.r.e.test.EmployeeControllerTest    : The following profiles are active: test
2019-04-19 00:25:29.953  INFO 34800 --- [main] .s.d.r.c.RepositoryConfigurationDelegate : Bootstrapping Spring Data repositories in DEFAULT mode.
2019-04-19 00:25:30.041  INFO 34800 --- [main] .s.d.r.c.RepositoryConfigurationDelegate : Finished Spring Data repository scanning in 76ms. Found 1 repository interfaces.
2019-04-19 00:25:30.586  INFO 34800 --- [main] trationDelegate$BeanPostProcessorChecker : Bean 'org.springframework.transaction.annotation.ProxyTransactionManagementConfiguration' of type [org.springframework.transaction.annotation.ProxyTransactionManagementConfiguration$$EnhancerBySpringCGLIB$$fc64c819] is not eligible for getting processed by all BeanPostProcessors (for example: not eligible for auto-proxying)
2019-04-19 00:25:30.628  INFO 34800 --- [main] trationDelegate$BeanPostProcessorChecker : Bean 'org.springframework.hateoas.config.HateoasConfiguration' of type [org.springframework.hateoas.config.HateoasConfiguration$$EnhancerBySpringCGLIB$$7be5154b] is not eligible for getting processed by all BeanPostProcessors (for example: not eligible for auto-proxying)
2019-04-19 00:25:30.889  INFO 34800 --- [main] com.zaxxer.hikari.HikariDataSource       : HikariPool-1 - Starting...
2019-04-19 00:25:31.158  INFO 34800 --- [main] com.zaxxer.hikari.HikariDataSource       : HikariPool-1 - Start completed.
2019-04-19 00:25:31.256  INFO 34800 --- [main] o.hibernate.jpa.internal.util.LogHelper  : HHH000204: Processing PersistenceUnitInfo [
	name: default
	...]
2019-04-19 00:25:31.354  INFO 34800 --- [main] org.hibernate.Version                    : HHH000412: Hibernate Core {5.3.9.Final}
2019-04-19 00:25:31.356  INFO 34800 --- [main] org.hibernate.cfg.Environment            : HHH000206: hibernate.properties not found
2019-04-19 00:25:31.531  INFO 34800 --- [main] o.hibernate.annotations.common.Version   : HCANN000001: Hibernate Commons Annotations {5.0.4.Final}
2019-04-19 00:25:31.904  INFO 34800 --- [main] org.hibernate.dialect.Dialect            : HHH000400: Using dialect: org.hibernate.dialect.H2Dialect
2019-04-19 00:25:32.720  INFO 34800 --- [main] o.h.t.schema.internal.SchemaCreatorImpl  : HHH000476: Executing import script 'org.hibernate.tool.schema.internal.exec.ScriptSourceInputNonExistentImpl@401e02b4'
2019-04-19 00:25:32.724  INFO 34800 --- [main] j.LocalContainerEntityManagerFactoryBean : Initialized JPA EntityManagerFactory for persistence unit 'default'
2019-04-19 00:25:34.244  INFO 34800 --- [main] o.s.s.concurrent.ThreadPoolTaskExecutor  : Initializing ExecutorService 'applicationTaskExecutor'
2019-04-19 00:25:34.328  WARN 34800 --- [main] aWebConfiguration$JpaWebMvcConfiguration : spring.jpa.open-in-view is enabled by default. Therefore, database queries may be performed during view rendering. Explicitly configure spring.jpa.open-in-view to disable this warning
2019-04-19 00:25:35.010  INFO 34800 --- [main] o.v.d.r.e.test.EmployeeControllerTest    : Started EmployeeControllerTest in 6.636 seconds (JVM running for 7.513)
2019-04-19 00:25:35.261  INFO 34800 --- [main] o.s.b.t.m.w.SpringBootMockServletContext : Initializing Spring TestDispatcherServlet ''
2019-04-19 00:25:35.262  INFO 34800 --- [main] o.s.t.web.servlet.TestDispatcherServlet  : Initializing Servlet ''
2019-04-19 00:25:35.283  INFO 34800 --- [main] o.s.t.web.servlet.TestDispatcherServlet  : Completed initialization in 21 ms
2019-04-19 00:25:35.621  INFO 34800 --- [main] o.s.b.t.m.w.SpringBootMockServletContext : Initializing Spring TestDispatcherServlet ''
2019-04-19 00:25:35.622  INFO 34800 --- [main] o.s.t.web.servlet.TestDispatcherServlet  : Initializing Servlet ''
2019-04-19 00:25:35.625  INFO 34800 --- [main] o.s.t.web.servlet.TestDispatcherServlet  : Completed initialization in 3 ms
2019-04-19 00:25:35.656  INFO 34800 --- [Thread-4] o.s.s.concurrent.ThreadPoolTaskExecutor  : Shutting down ExecutorService 'applicationTaskExecutor'
2019-04-19 00:25:35.658  INFO 34800 --- [Thread-4] j.LocalContainerEntityManagerFactoryBean : Closing JPA EntityManagerFactory for persistence unit 'default'
2019-04-19 00:25:35.659  INFO 34800 --- [Thread-4] .SchemaDropperImpl$DelayedDropActionImpl : HHH000477: Starting delayed evictData of schema as part of SessionFactory shut-down'
2019-04-19 00:25:35.660  WARN 34800 --- [Thread-4] o.h.engine.jdbc.spi.SqlExceptionHelper   : SQL Error: 90121, SQLState: 90121
2019-04-19 00:25:35.660 ERROR 34800 --- [Thread-4] o.h.engine.jdbc.spi.SqlExceptionHelper   : Database is already closed (to disable automatic closing at VM shutdown, add ";DB_CLOSE_ON_EXIT=FALSE" to the db URL) [90121-199]
2019-04-19 00:25:35.661  WARN 34800 --- [Thread-4] o.h.engine.jdbc.spi.SqlExceptionHelper   : SQL Error: 90121, SQLState: 90121
2019-04-19 00:25:35.661 ERROR 34800 --- [Thread-4] o.h.engine.jdbc.spi.SqlExceptionHelper   : Database is already closed (to disable automatic closing at VM shutdown, add ";DB_CLOSE_ON_EXIT=FALSE" to the db URL) [90121-199]
2019-04-19 00:25:35.661  INFO 34800 --- [Thread-4] o.s.b.f.support.DisposableBeanAdapter    : Invocation of destroy method failed on bean with name 'entityManagerFactory': org.hibernate.exception.JDBCConnectionException: Unable to release JDBC Connection used for DDL execution
2019-04-19 00:25:35.663  INFO 34800 --- [Thread-4] o.s.b.f.support.DisposableBeanAdapter    : Invocation of destroy method failed on bean with name 'inMemoryDatabaseShutdownExecutor': org.h2.jdbc.JdbcSQLNonTransientConnectionException: Database is already closed (to disable automatic closing at VM shutdown, add ";DB_CLOSE_ON_EXIT=FALSE" to the db URL) [90121-199]
2019-04-19 00:25:35.663  INFO 34800 --- [Thread-4] com.zaxxer.hikari.HikariDataSource       : HikariPool-1 - Shutdown initiated...
2019-04-19 00:25:35.669  INFO 34800 --- [Thread-4] com.zaxxer.hikari.HikariDataSource       : HikariPool-1 - Shutdown completed.
2019-04-19 00:30:26.218  INFO 33884 --- [main] o.v.d.r.e.test.EmployeeControllerTest    : Starting EmployeeControllerTest on misra12-PC with PID 33884 (started by Vivek in C:\researchandstudy\interviewmaterials\employeedemoREST)
2019-04-19 00:30:26.219  INFO 33884 --- [main] o.v.d.r.e.test.EmployeeControllerTest    : The following profiles are active: test
2019-04-19 00:30:27.358  INFO 33884 --- [main] .s.d.r.c.RepositoryConfigurationDelegate : Bootstrapping Spring Data repositories in DEFAULT mode.
2019-04-19 00:30:27.441  INFO 33884 --- [main] .s.d.r.c.RepositoryConfigurationDelegate : Finished Spring Data repository scanning in 73ms. Found 1 repository interfaces.
2019-04-19 00:30:27.985  INFO 33884 --- [main] trationDelegate$BeanPostProcessorChecker : Bean 'org.springframework.transaction.annotation.ProxyTransactionManagementConfiguration' of type [org.springframework.transaction.annotation.ProxyTransactionManagementConfiguration$$EnhancerBySpringCGLIB$$1cd6a9f2] is not eligible for getting processed by all BeanPostProcessors (for example: not eligible for auto-proxying)
2019-04-19 00:30:28.028  INFO 33884 --- [main] trationDelegate$BeanPostProcessorChecker : Bean 'org.springframework.hateoas.config.HateoasConfiguration' of type [org.springframework.hateoas.config.HateoasConfiguration$$EnhancerBySpringCGLIB$$9c56f724] is not eligible for getting processed by all BeanPostProcessors (for example: not eligible for auto-proxying)
2019-04-19 00:30:28.266  INFO 33884 --- [main] com.zaxxer.hikari.HikariDataSource       : HikariPool-1 - Starting...
2019-04-19 00:30:28.548  INFO 33884 --- [main] com.zaxxer.hikari.HikariDataSource       : HikariPool-1 - Start completed.
2019-04-19 00:30:28.641  INFO 33884 --- [main] o.hibernate.jpa.internal.util.LogHelper  : HHH000204: Processing PersistenceUnitInfo [
	name: default
	...]
2019-04-19 00:30:28.728  INFO 33884 --- [main] org.hibernate.Version                    : HHH000412: Hibernate Core {5.3.9.Final}
2019-04-19 00:30:28.730  INFO 33884 --- [main] org.hibernate.cfg.Environment            : HHH000206: hibernate.properties not found
2019-04-19 00:30:28.910  INFO 33884 --- [main] o.hibernate.annotations.common.Version   : HCANN000001: Hibernate Commons Annotations {5.0.4.Final}
2019-04-19 00:30:29.326  INFO 33884 --- [main] org.hibernate.dialect.Dialect            : HHH000400: Using dialect: org.hibernate.dialect.H2Dialect
2019-04-19 00:30:30.136  INFO 33884 --- [main] o.h.t.schema.internal.SchemaCreatorImpl  : HHH000476: Executing import script 'org.hibernate.tool.schema.internal.exec.ScriptSourceInputNonExistentImpl@1c62c3fd'
2019-04-19 00:30:30.140  INFO 33884 --- [main] j.LocalContainerEntityManagerFactoryBean : Initialized JPA EntityManagerFactory for persistence unit 'default'
2019-04-19 00:30:31.608  INFO 33884 --- [main] o.s.s.concurrent.ThreadPoolTaskExecutor  : Initializing ExecutorService 'applicationTaskExecutor'
2019-04-19 00:30:31.689  WARN 33884 --- [main] aWebConfiguration$JpaWebMvcConfiguration : spring.jpa.open-in-view is enabled by default. Therefore, database queries may be performed during view rendering. Explicitly configure spring.jpa.open-in-view to disable this warning
2019-04-19 00:30:32.320  INFO 33884 --- [main] o.v.d.r.e.test.EmployeeControllerTest    : Started EmployeeControllerTest in 6.61 seconds (JVM running for 7.495)
2019-04-19 00:30:32.590  INFO 33884 --- [main] o.s.b.t.m.w.SpringBootMockServletContext : Initializing Spring TestDispatcherServlet ''
2019-04-19 00:30:32.591  INFO 33884 --- [main] o.s.t.web.servlet.TestDispatcherServlet  : Initializing Servlet ''
2019-04-19 00:30:32.609  INFO 33884 --- [main] o.s.t.web.servlet.TestDispatcherServlet  : Completed initialization in 18 ms
2019-04-19 00:30:32.923  INFO 33884 --- [main] o.s.b.t.m.w.SpringBootMockServletContext : Initializing Spring TestDispatcherServlet ''
2019-04-19 00:30:32.923  INFO 33884 --- [main] o.s.t.web.servlet.TestDispatcherServlet  : Initializing Servlet ''
2019-04-19 00:30:32.927  INFO 33884 --- [main] o.s.t.web.servlet.TestDispatcherServlet  : Completed initialization in 4 ms
2019-04-19 00:30:32.958  INFO 33884 --- [Thread-4] o.s.s.concurrent.ThreadPoolTaskExecutor  : Shutting down ExecutorService 'applicationTaskExecutor'
2019-04-19 00:30:32.960  INFO 33884 --- [Thread-4] j.LocalContainerEntityManagerFactoryBean : Closing JPA EntityManagerFactory for persistence unit 'default'
2019-04-19 00:30:32.960  INFO 33884 --- [Thread-4] .SchemaDropperImpl$DelayedDropActionImpl : HHH000477: Starting delayed evictData of schema as part of SessionFactory shut-down'
2019-04-19 00:30:32.962  WARN 33884 --- [Thread-4] o.h.engine.jdbc.spi.SqlExceptionHelper   : SQL Error: 90121, SQLState: 90121
2019-04-19 00:30:32.963 ERROR 33884 --- [Thread-4] o.h.engine.jdbc.spi.SqlExceptionHelper   : Database is already closed (to disable automatic closing at VM shutdown, add ";DB_CLOSE_ON_EXIT=FALSE" to the db URL) [90121-199]
2019-04-19 00:30:32.964  WARN 33884 --- [Thread-4] o.h.engine.jdbc.spi.SqlExceptionHelper   : SQL Error: 90121, SQLState: 90121
2019-04-19 00:30:32.964 ERROR 33884 --- [Thread-4] o.h.engine.jdbc.spi.SqlExceptionHelper   : Database is already closed (to disable automatic closing at VM shutdown, add ";DB_CLOSE_ON_EXIT=FALSE" to the db URL) [90121-199]
2019-04-19 00:30:32.964  INFO 33884 --- [Thread-4] o.s.b.f.support.DisposableBeanAdapter    : Invocation of destroy method failed on bean with name 'entityManagerFactory': org.hibernate.exception.JDBCConnectionException: Unable to release JDBC Connection used for DDL execution
2019-04-19 00:30:32.965  INFO 33884 --- [Thread-4] o.s.b.f.support.DisposableBeanAdapter    : Invocation of destroy method failed on bean with name 'inMemoryDatabaseShutdownExecutor': org.h2.jdbc.JdbcSQLNonTransientConnectionException: Database is already closed (to disable automatic closing at VM shutdown, add ";DB_CLOSE_ON_EXIT=FALSE" to the db URL) [90121-199]
2019-04-19 00:30:32.966  INFO 33884 --- [Thread-4] com.zaxxer.hikari.HikariDataSource       : HikariPool-1 - Shutdown initiated...
2019-04-19 00:30:32.969  INFO 33884 --- [Thread-4] com.zaxxer.hikari.HikariDataSource       : HikariPool-1 - Shutdown completed.
2019-04-19 00:32:59.819  INFO 34472 --- [main] o.v.d.r.e.test.EmployeeControllerTest    : Starting EmployeeControllerTest on misra12-PC with PID 34472 (started by Vivek in C:\researchandstudy\interviewmaterials\employeedemoREST)
2019-04-19 00:32:59.820  INFO 34472 --- [main] o.v.d.r.e.test.EmployeeControllerTest    : The following profiles are active: test
2019-04-19 00:33:00.961  INFO 34472 --- [main] .s.d.r.c.RepositoryConfigurationDelegate : Bootstrapping Spring Data repositories in DEFAULT mode.
2019-04-19 00:33:01.043  INFO 34472 --- [main] .s.d.r.c.RepositoryConfigurationDelegate : Finished Spring Data repository scanning in 71ms. Found 1 repository interfaces.
2019-04-19 00:33:01.586  INFO 34472 --- [main] trationDelegate$BeanPostProcessorChecker : Bean 'org.springframework.transaction.annotation.ProxyTransactionManagementConfiguration' of type [org.springframework.transaction.annotation.ProxyTransactionManagementConfiguration$$EnhancerBySpringCGLIB$$fc64c819] is not eligible for getting processed by all BeanPostProcessors (for example: not eligible for auto-proxying)
2019-04-19 00:33:01.631  INFO 34472 --- [main] trationDelegate$BeanPostProcessorChecker : Bean 'org.springframework.hateoas.config.HateoasConfiguration' of type [org.springframework.hateoas.config.HateoasConfiguration$$EnhancerBySpringCGLIB$$7be5154b] is not eligible for getting processed by all BeanPostProcessors (for example: not eligible for auto-proxying)
2019-04-19 00:33:01.867  INFO 34472 --- [main] com.zaxxer.hikari.HikariDataSource       : HikariPool-1 - Starting...
2019-04-19 00:33:02.150  INFO 34472 --- [main] com.zaxxer.hikari.HikariDataSource       : HikariPool-1 - Start completed.
2019-04-19 00:33:02.238  INFO 34472 --- [main] o.hibernate.jpa.internal.util.LogHelper  : HHH000204: Processing PersistenceUnitInfo [
	name: default
	...]
2019-04-19 00:33:02.324  INFO 34472 --- [main] org.hibernate.Version                    : HHH000412: Hibernate Core {5.3.9.Final}
2019-04-19 00:33:02.327  INFO 34472 --- [main] org.hibernate.cfg.Environment            : HHH000206: hibernate.properties not found
2019-04-19 00:33:02.502  INFO 34472 --- [main] o.hibernate.annotations.common.Version   : HCANN000001: Hibernate Commons Annotations {5.0.4.Final}
2019-04-19 00:33:02.877  INFO 34472 --- [main] org.hibernate.dialect.Dialect            : HHH000400: Using dialect: org.hibernate.dialect.H2Dialect
2019-04-19 00:33:03.613  INFO 34472 --- [main] o.h.t.schema.internal.SchemaCreatorImpl  : HHH000476: Executing import script 'org.hibernate.tool.schema.internal.exec.ScriptSourceInputNonExistentImpl@401e02b4'
2019-04-19 00:33:03.617  INFO 34472 --- [main] j.LocalContainerEntityManagerFactoryBean : Initialized JPA EntityManagerFactory for persistence unit 'default'
2019-04-19 00:33:05.086  INFO 34472 --- [main] o.s.s.concurrent.ThreadPoolTaskExecutor  : Initializing ExecutorService 'applicationTaskExecutor'
2019-04-19 00:33:05.168  WARN 34472 --- [main] aWebConfiguration$JpaWebMvcConfiguration : spring.jpa.open-in-view is enabled by default. Therefore, database queries may be performed during view rendering. Explicitly configure spring.jpa.open-in-view to disable this warning
2019-04-19 00:33:05.828  INFO 34472 --- [main] o.v.d.r.e.test.EmployeeControllerTest    : Started EmployeeControllerTest in 6.537 seconds (JVM running for 7.383)
2019-04-19 00:33:06.069  INFO 34472 --- [main] o.s.b.t.m.w.SpringBootMockServletContext : Initializing Spring TestDispatcherServlet ''
2019-04-19 00:33:06.070  INFO 34472 --- [main] o.s.t.web.servlet.TestDispatcherServlet  : Initializing Servlet ''
2019-04-19 00:33:06.097  INFO 34472 --- [main] o.s.t.web.servlet.TestDispatcherServlet  : Completed initialization in 27 ms
2019-04-19 00:33:06.417  INFO 34472 --- [main] o.s.b.t.m.w.SpringBootMockServletContext : Initializing Spring TestDispatcherServlet ''
2019-04-19 00:33:06.417  INFO 34472 --- [main] o.s.t.web.servlet.TestDispatcherServlet  : Initializing Servlet ''
2019-04-19 00:33:06.420  INFO 34472 --- [main] o.s.t.web.servlet.TestDispatcherServlet  : Completed initialization in 3 ms
2019-04-19 00:33:06.470  INFO 34472 --- [Thread-4] o.s.s.concurrent.ThreadPoolTaskExecutor  : Shutting down ExecutorService 'applicationTaskExecutor'
2019-04-19 00:33:06.472  INFO 34472 --- [Thread-4] j.LocalContainerEntityManagerFactoryBean : Closing JPA EntityManagerFactory for persistence unit 'default'
2019-04-19 00:33:06.472  INFO 34472 --- [Thread-4] .SchemaDropperImpl$DelayedDropActionImpl : HHH000477: Starting delayed evictData of schema as part of SessionFactory shut-down'
2019-04-19 00:33:06.473  WARN 34472 --- [Thread-4] o.h.engine.jdbc.spi.SqlExceptionHelper   : SQL Error: 90121, SQLState: 90121
2019-04-19 00:33:06.474 ERROR 34472 --- [Thread-4] o.h.engine.jdbc.spi.SqlExceptionHelper   : Database is already closed (to disable automatic closing at VM shutdown, add ";DB_CLOSE_ON_EXIT=FALSE" to the db URL) [90121-199]
2019-04-19 00:33:06.475  WARN 34472 --- [Thread-4] o.h.engine.jdbc.spi.SqlExceptionHelper   : SQL Error: 90121, SQLState: 90121
2019-04-19 00:33:06.475 ERROR 34472 --- [Thread-4] o.h.engine.jdbc.spi.SqlExceptionHelper   : Database is already closed (to disable automatic closing at VM shutdown, add ";DB_CLOSE_ON_EXIT=FALSE" to the db URL) [90121-199]
2019-04-19 00:33:06.475  INFO 34472 --- [Thread-4] o.s.b.f.support.DisposableBeanAdapter    : Invocation of destroy method failed on bean with name 'entityManagerFactory': org.hibernate.exception.JDBCConnectionException: Unable to release JDBC Connection used for DDL execution
2019-04-19 00:33:06.476  INFO 34472 --- [Thread-4] o.s.b.f.support.DisposableBeanAdapter    : Invocation of destroy method failed on bean with name 'inMemoryDatabaseShutdownExecutor': org.h2.jdbc.JdbcSQLNonTransientConnectionException: Database is already closed (to disable automatic closing at VM shutdown, add ";DB_CLOSE_ON_EXIT=FALSE" to the db URL) [90121-199]
2019-04-19 00:33:06.477  INFO 34472 --- [Thread-4] com.zaxxer.hikari.HikariDataSource       : HikariPool-1 - Shutdown initiated...
2019-04-19 00:33:06.483  INFO 34472 --- [Thread-4] com.zaxxer.hikari.HikariDataSource       : HikariPool-1 - Shutdown completed.
2019-04-19 02:01:31.355  INFO 20492 --- [main] o.v.d.r.e.test.EmployeeControllerTest    : Starting EmployeeControllerTest on misra12-PC with PID 20492 (started by Vivek in C:\researchandstudy\interviewmaterials\employeedemoREST)
2019-04-19 02:01:31.371  INFO 20492 --- [main] o.v.d.r.e.test.EmployeeControllerTest    : The following profiles are active: test
2019-04-19 02:01:32.456  INFO 20492 --- [main] .s.d.r.c.RepositoryConfigurationDelegate : Bootstrapping Spring Data repositories in DEFAULT mode.
2019-04-19 02:01:32.544  INFO 20492 --- [main] .s.d.r.c.RepositoryConfigurationDelegate : Finished Spring Data repository scanning in 76ms. Found 1 repository interfaces.
2019-04-19 02:01:33.105  INFO 20492 --- [main] trationDelegate$BeanPostProcessorChecker : Bean 'org.springframework.transaction.annotation.ProxyTransactionManagementConfiguration' of type [org.springframework.transaction.annotation.ProxyTransactionManagementConfiguration$$EnhancerBySpringCGLIB$$80ba7ee] is not eligible for getting processed by all BeanPostProcessors (for example: not eligible for auto-proxying)
2019-04-19 02:01:33.154  INFO 20492 --- [main] trationDelegate$BeanPostProcessorChecker : Bean 'org.springframework.hateoas.config.HateoasConfiguration' of type [org.springframework.hateoas.config.HateoasConfiguration$$EnhancerBySpringCGLIB$$878bf520] is not eligible for getting processed by all BeanPostProcessors (for example: not eligible for auto-proxying)
2019-04-19 02:01:33.434  INFO 20492 --- [main] com.zaxxer.hikari.HikariDataSource       : HikariPool-1 - Starting...
2019-04-19 02:01:33.742  INFO 20492 --- [main] com.zaxxer.hikari.HikariDataSource       : HikariPool-1 - Start completed.
2019-04-19 02:01:33.831  INFO 20492 --- [main] o.hibernate.jpa.internal.util.LogHelper  : HHH000204: Processing PersistenceUnitInfo [
	name: default
	...]
2019-04-19 02:01:33.912  INFO 20492 --- [main] org.hibernate.Version                    : HHH000412: Hibernate Core {5.3.9.Final}
2019-04-19 02:01:33.914  INFO 20492 --- [main] org.hibernate.cfg.Environment            : HHH000206: hibernate.properties not found
2019-04-19 02:01:34.090  INFO 20492 --- [main] o.hibernate.annotations.common.Version   : HCANN000001: Hibernate Commons Annotations {5.0.4.Final}
2019-04-19 02:01:34.550  INFO 20492 --- [main] org.hibernate.dialect.Dialect            : HHH000400: Using dialect: org.hibernate.dialect.H2Dialect
2019-04-19 02:01:35.282  INFO 20492 --- [main] o.h.t.schema.internal.SchemaCreatorImpl  : HHH000476: Executing import script 'org.hibernate.tool.schema.internal.exec.ScriptSourceInputNonExistentImpl@7a358613'
2019-04-19 02:01:35.286  INFO 20492 --- [main] j.LocalContainerEntityManagerFactoryBean : Initialized JPA EntityManagerFactory for persistence unit 'default'
2019-04-19 02:01:36.776  INFO 20492 --- [main] o.s.s.concurrent.ThreadPoolTaskExecutor  : Initializing ExecutorService 'applicationTaskExecutor'
2019-04-19 02:01:36.849  WARN 20492 --- [main] aWebConfiguration$JpaWebMvcConfiguration : spring.jpa.open-in-view is enabled by default. Therefore, database queries may be performed during view rendering. Explicitly configure spring.jpa.open-in-view to disable this warning
2019-04-19 02:01:37.486  INFO 20492 --- [main] o.v.d.r.e.test.EmployeeControllerTest    : Started EmployeeControllerTest in 6.611 seconds (JVM running for 7.593)
2019-04-19 02:01:37.803  INFO 20492 --- [main] o.s.b.t.m.w.SpringBootMockServletContext : Initializing Spring TestDispatcherServlet ''
2019-04-19 02:01:37.804  INFO 20492 --- [main] o.s.t.web.servlet.TestDispatcherServlet  : Initializing Servlet ''
2019-04-19 02:01:37.821  INFO 20492 --- [main] o.s.t.web.servlet.TestDispatcherServlet  : Completed initialization in 17 ms
2019-04-19 02:01:38.108  INFO 20492 --- [main] o.s.b.t.m.w.SpringBootMockServletContext : Initializing Spring TestDispatcherServlet ''
2019-04-19 02:01:38.108  INFO 20492 --- [main] o.s.t.web.servlet.TestDispatcherServlet  : Initializing Servlet ''
2019-04-19 02:01:38.111  INFO 20492 --- [main] o.s.t.web.servlet.TestDispatcherServlet  : Completed initialization in 3 ms
2019-04-19 02:01:38.143  INFO 20492 --- [Thread-4] o.s.s.concurrent.ThreadPoolTaskExecutor  : Shutting down ExecutorService 'applicationTaskExecutor'
2019-04-19 02:01:38.147  INFO 20492 --- [Thread-4] j.LocalContainerEntityManagerFactoryBean : Closing JPA EntityManagerFactory for persistence unit 'default'
2019-04-19 02:01:38.147  INFO 20492 --- [Thread-4] .SchemaDropperImpl$DelayedDropActionImpl : HHH000477: Starting delayed evictData of schema as part of SessionFactory shut-down'
2019-04-19 02:01:38.148  WARN 20492 --- [Thread-4] o.h.engine.jdbc.spi.SqlExceptionHelper   : SQL Error: 90121, SQLState: 90121
2019-04-19 02:01:38.149 ERROR 20492 --- [Thread-4] o.h.engine.jdbc.spi.SqlExceptionHelper   : Database is already closed (to disable automatic closing at VM shutdown, add ";DB_CLOSE_ON_EXIT=FALSE" to the db URL) [90121-199]
2019-04-19 02:01:38.149  WARN 20492 --- [Thread-4] o.h.engine.jdbc.spi.SqlExceptionHelper   : SQL Error: 90121, SQLState: 90121
2019-04-19 02:01:38.150 ERROR 20492 --- [Thread-4] o.h.engine.jdbc.spi.SqlExceptionHelper   : Database is already closed (to disable automatic closing at VM shutdown, add ";DB_CLOSE_ON_EXIT=FALSE" to the db URL) [90121-199]
2019-04-19 02:01:38.150  INFO 20492 --- [Thread-4] o.s.b.f.support.DisposableBeanAdapter    : Invocation of destroy method failed on bean with name 'entityManagerFactory': org.hibernate.exception.JDBCConnectionException: Unable to release JDBC Connection used for DDL execution
2019-04-19 02:01:38.151  INFO 20492 --- [Thread-4] o.s.b.f.support.DisposableBeanAdapter    : Invocation of destroy method failed on bean with name 'inMemoryDatabaseShutdownExecutor': org.h2.jdbc.JdbcSQLNonTransientConnectionException: Database is already closed (to disable automatic closing at VM shutdown, add ";DB_CLOSE_ON_EXIT=FALSE" to the db URL) [90121-199]
2019-04-19 02:01:38.151  INFO 20492 --- [Thread-4] com.zaxxer.hikari.HikariDataSource       : HikariPool-1 - Shutdown initiated...
2019-04-19 02:01:38.154  INFO 20492 --- [Thread-4] com.zaxxer.hikari.HikariDataSource       : HikariPool-1 - Shutdown completed.
